<?xml version="1.0" encoding="UTF-8"?>
<!-- Generated by org.testng.reporters.JUnitXMLReporter -->
<testsuite ignored="0" hostname="DESKTOP-Q6T5L99" failures="0" tests="3" name="Test2" time="19.076" errors="0" timestamp="2024-01-21T13:57:30 IST">
  <testcase classname="test.UrlOpenTestSuite" name="checkTitle" time="7.116"/>
  <testcase classname="test.UrlOpenTestSuite" name="openUrlTest" time="6.308"/>
  <testcase classname="test.UrlOpenTestSuite" name="testTestNG" time="0.002"/>
</testsuite> <!-- Test2 -->
