<?xml version="1.0" encoding="UTF-8"?>
<!-- Generated by org.testng.reporters.JUnitXMLReporter -->
<testsuite ignored="1" hostname="DESKTOP-Q6T5L99" failures="0" tests="2" name="GroupTests" time="10.768" errors="0" timestamp="2024-01-21T14:15:43 IST">
  <testcase classname="test.UrlOpenTestSuiteWithGroups" name="checkTitle" time="6.937"/>
  <testcase classname="test.UrlOpenTestSuiteWithGroups" name="testTestNG" time="0.0"/>
  <testcase classname="test.UrlOpenTestSuiteWithGroups" name="openUrlTest" time="0.0">
    <ignored/>
  </testcase> <!-- openUrlTest -->
</testsuite> <!-- GroupTests -->
