<?xml version="1.0" encoding="UTF-8"?>
<testng-results ignored="1" total="3" passed="2" failed="0" skipped="0">
  <reporter-output>
  </reporter-output>
  <suite started-at="2024-01-21T14:15:32 IST" name="TestSuiteWithGroups" finished-at="2024-01-21T14:15:43 IST" duration-ms="10768">
    <groups>
      <group name="Sanity">
        <method signature="UrlOpenTestSuiteWithGroups.checkTitle()[pri:0, instance:test.UrlOpenTestSuiteWithGroups@1e1a0406]" name="checkTitle" class="test.UrlOpenTestSuiteWithGroups"/>
        <method signature="UrlOpenTestSuiteWithGroups.testTestNG()[pri:0, instance:test.UrlOpenTestSuiteWithGroups@1e1a0406]" name="testTestNG" class="test.UrlOpenTestSuiteWithGroups"/>
      </group> <!-- Sanity -->
    </groups>
    <test started-at="2024-01-21T14:15:32 IST" name="GroupTests" finished-at="2024-01-21T14:15:43 IST" duration-ms="10768">
      <class name="test.UrlOpenTestSuiteWithGroups">
        <test-method is-config="true" signature="setUp()[pri:0, instance:test.UrlOpenTestSuiteWithGroups@1e1a0406]" started-at="2024-01-21T14:15:32 IST" name="setUp" finished-at="2024-01-21T14:15:35 IST" duration-ms="2281" status="PASS">
          <reporter-output>
          </reporter-output>
        </test-method> <!-- setUp -->
        <test-method signature="checkTitle()[pri:0, instance:test.UrlOpenTestSuiteWithGroups@1e1a0406]" started-at="2024-01-21T14:15:35 IST" name="checkTitle" finished-at="2024-01-21T14:15:42 IST" duration-ms="6937" status="PASS">
          <reporter-output>
          </reporter-output>
        </test-method> <!-- checkTitle -->
        <test-method is-config="true" signature="tearDown()[pri:0, instance:test.UrlOpenTestSuiteWithGroups@1e1a0406]" started-at="2024-01-21T14:15:42 IST" name="tearDown" finished-at="2024-01-21T14:15:42 IST" duration-ms="148" status="PASS">
          <reporter-output>
          </reporter-output>
        </test-method> <!-- tearDown -->
        <test-method is-config="true" signature="setUp()[pri:0, instance:test.UrlOpenTestSuiteWithGroups@1e1a0406]" started-at="2024-01-21T14:15:42 IST" name="setUp" finished-at="2024-01-21T14:15:43 IST" duration-ms="1226" status="PASS">
          <reporter-output>
          </reporter-output>
        </test-method> <!-- setUp -->
        <test-method signature="testTestNG()[pri:0, instance:test.UrlOpenTestSuiteWithGroups@1e1a0406]" started-at="2024-01-21T14:15:43 IST" name="testTestNG" finished-at="2024-01-21T14:15:43 IST" duration-ms="0" status="PASS">
          <reporter-output>
          </reporter-output>
        </test-method> <!-- testTestNG -->
        <test-method is-config="true" signature="tearDown()[pri:0, instance:test.UrlOpenTestSuiteWithGroups@1e1a0406]" started-at="2024-01-21T14:15:43 IST" name="tearDown" finished-at="2024-01-21T14:15:43 IST" duration-ms="130" status="PASS">
          <reporter-output>
          </reporter-output>
        </test-method> <!-- tearDown -->
      </class> <!-- test.UrlOpenTestSuiteWithGroups -->
    </test> <!-- GroupTests -->
  </suite> <!-- TestSuiteWithGroups -->
</testng-results>
